<?xml version="1.0" encoding="UTF-8"?>
<!-- Generated by org.testng.reporters.JUnitReportReporter -->
<testsuite hostname="Avi-shek" failures="0" tests="1" name="Test.Avis" time="0.012" errors="0" timestamp="2023-06-14T22:04:48 IST" skipped="0">
  <testcase classname="Test.Avis" name="addition" time="0.012"/>
  <system-out/>
</testsuite> <!-- Test.Avis -->
