<?xml version="1.0" encoding="UTF-8"?>
<!-- Generated by org.testng.reporters.JUnitReportReporter -->
<testsuite hostname="Avi-shek" failures="0" tests="1" name="Test.Avis1" time="0.006" errors="0" timestamp="2024-04-07T09:11:13 IST" skipped="0">
  <testcase classname="Test.Avis1" name="print" time="0.006"/>
  <system-out/>
</testsuite> <!-- Test.Avis1 -->
